Using pre-set license
Built from '2020.3/staging' branch; Version is '2020.3.19f1 (68f137dc9bbe) revision 6877495'; Using compiler version '192528614'; Build Type 'Release'
OS: 'Windows 10 Home; OS build 19043.1288; Version 2009; 64bit' Language: 'en' Physical Memory: 40876 MB
BatchMode: 1, IsHumanControllingUs: 0, StartBugReporterOnCrash: 0, Is64bit: 1, IsPro: 0

COMMAND LINE ARGUMENTS:
E:\Unity\2020.3.19f1\Editor\Unity.exe
-adb2
-batchMode
-noUpm
-name
AssetImportWorker0
-projectPath
D:/OMG Games/github/Assets/Kevin Level/The Backrooms dept store
-logFile
Logs/AssetImportWorker0.log
-srvPort
63794
Successfully changed project path to: D:/OMG Games/github/Assets/Kevin Level/The Backrooms dept store
D:/OMG Games/github/Assets/Kevin Level/The Backrooms dept store
Using Asset Import Pipeline V2.
Refreshing native plugins compatible for Editor in 29.30 ms, found 2 plugins.
Preloading 0 native plugins for Editor in 0.00 ms.
Initialize engine version: 2020.3.19f1 (68f137dc9bbe)
[Subsystems] Discovering subsystems at path E:/Unity/2020.3.19f1/Editor/Data/Resources/UnitySubsystems
[Subsystems] Discovering subsystems at path D:/OMG Games/github/Assets/Kevin Level/The Backrooms dept store/Assets
GfxDevice: creating device client; threaded=0
Direct3D:
    Version:  Direct3D 11.0 [level 11.1]
    Renderer: NVIDIA GeForce GTX 1660 SUPER (ID=0x21c4)
    Vendor:   
    VRAM:     5991 MB
    Driver:   30.0.14.9613
Initialize mono
Mono path[0] = 'E:/Unity/2020.3.19f1/Editor/Data/Managed'
Mono path[1] = 'E:/Unity/2020.3.19f1/Editor/Data/MonoBleedingEdge/lib/mono/unityjit'
Mono config path = 'E:/Unity/2020.3.19f1/Editor/Data/MonoBleedingEdge/etc'
Using monoOptions --debugger-agent=transport=dt_socket,embedding=1,server=y,suspend=n,address=127.0.0.1:56044
Begin MonoManager ReloadAssembly
Registering precompiled unity dll's ...
Register platform support module: E:/Unity/2020.3.19f1/Editor/Data/PlaybackEngines/WindowsStandaloneSupport/UnityEditor.WindowsStandalone.Extensions.dll
Register platform support module: E:/Unity/2020.3.19f1/Editor/Data/PlaybackEngines/LinuxStandaloneSupport/UnityEditor.LinuxStandalone.Extensions.dll
Registered in 0.001737 seconds.
Native extension for LinuxStandalone target not found
Native extension for WindowsStandalone target not found
Refreshing native plugins compatible for Editor in 26.68 ms, found 2 plugins.
Preloading 0 native plugins for Editor in 0.00 ms.
Mono: successfully reloaded assembly
- Completed reload, in  2.843 seconds
Domain Reload Profiling:
	ReloadAssembly (2843ms)
		BeginReloadAssembly (112ms)
			ExecutionOrderSort (0ms)
			DisableScriptedObjects (0ms)
			BackupInstance (0ms)
			ReleaseScriptingObjects (0ms)
			CreateAndSetChildDomain (1ms)
		EndReloadAssembly (413ms)
			LoadAssemblies (113ms)
			RebuildTransferFunctionScriptingTraits (0ms)
			SetupTypeCache (160ms)
			ReleaseScriptCaches (0ms)
			RebuildScriptCaches (30ms)
			SetupLoadedEditorAssemblies (152ms)
				LogAssemblyErrors (0ms)
				InitializePlatformSupportModulesInManaged (5ms)
				SetLoadedEditorAssemblies (0ms)
				RefreshPlugins (27ms)
				BeforeProcessingInitializeOnLoad (16ms)
				ProcessInitializeOnLoadAttributes (77ms)
				ProcessInitializeOnLoadMethodAttributes (27ms)
				AfterProcessingInitializeOnLoad (0ms)
				EditorAssembliesLoaded (0ms)
			ExecutionOrderSort2 (0ms)
			AwakeInstancesAfterBackupRestoration (0ms)
Platform modules already initialized, skipping
Registering precompiled user dll's ...
Registered in 0.002372 seconds.
Begin MonoManager ReloadAssembly
Native extension for LinuxStandalone target not found
Native extension for WindowsStandalone target not found
Refreshing native plugins compatible for Editor in 0.30 ms, found 2 plugins.
Preloading 0 native plugins for Editor in 0.00 ms.
Mono: successfully reloaded assembly
- Completed reload, in  1.080 seconds
Domain Reload Profiling:
	ReloadAssembly (1081ms)
		BeginReloadAssembly (154ms)
			ExecutionOrderSort (0ms)
			DisableScriptedObjects (4ms)
			BackupInstance (0ms)
			ReleaseScriptingObjects (0ms)
			CreateAndSetChildDomain (19ms)
		EndReloadAssembly (871ms)
			LoadAssemblies (99ms)
			RebuildTransferFunctionScriptingTraits (0ms)
			SetupTypeCache (319ms)
			ReleaseScriptCaches (0ms)
			RebuildScriptCaches (46ms)
			SetupLoadedEditorAssemblies (295ms)
				LogAssemblyErrors (0ms)
				InitializePlatformSupportModulesInManaged (6ms)
				SetLoadedEditorAssemblies (0ms)
				RefreshPlugins (0ms)
				BeforeProcessingInitializeOnLoad (69ms)
				ProcessInitializeOnLoadAttributes (211ms)
				ProcessInitializeOnLoadMethodAttributes (4ms)
				AfterProcessingInitializeOnLoad (4ms)
				EditorAssembliesLoaded (0ms)
			ExecutionOrderSort2 (0ms)
			AwakeInstancesAfterBackupRestoration (7ms)
Platform modules already initialized, skipping
========================================================================
Worker process is ready to serve import requests
Launched and connected shader compiler UnityShaderCompiler.exe after 0.09 seconds
Refreshing native plugins compatible for Editor in 0.29 ms, found 2 plugins.
Preloading 0 native plugins for Editor in 0.00 ms.
Unloading 1399 Unused Serialized files (Serialized files now loaded: 0)
System memory in use before: 64.9 MB.
System memory in use after: 65.0 MB.

Unloading 16 unused Assets to reduce memory usage. Loaded Objects now: 1834.
Total: 3.298100 ms (FindLiveObjects: 0.146200 ms CreateObjectMapping: 0.045500 ms MarkObjects: 3.007700 ms  DeleteObjects: 0.096700 ms)

AssetImportParameters requested are different than current active one (requested -> active):
  custom:framework-win-MediaFoundation: 216162199b28c13a410421893ffa2e32 -> 
  custom:video-decoder-ogg-theora: a1e56fd34408186e4bbccfd4996cb3dc -> 
  custom:container-muxer-webm: aa71ff27fc2769a1b78a27578f13a17b -> 
  custom:container-demuxer-webm: 4f35f7cbe854078d1ac9338744f61a02 -> 
  custom:container-demuxer-ogg: 62fdf1f143b41e24485cea50d1cbac27 -> 
  custom:video-encoder-webm-vp8: eb34c28f22e8b96e1ab97ce403110664 -> 
  custom:video-decoder-webm-vp8: 9c59270c3fd7afecdb556c50c9e8de78 -> 
  custom:audio-decoder-ogg-vorbis: bf7c407c2cedff20999df2af8eb42d56 -> 
  custom:audio-encoder-webm-vorbis: bf7c407c2cedff20999df2af8eb42d56 -> 
========================================================================
Received Import Request.
  path: Assets/flashlight 1.mb
  artifactKey: Guid(489780f6e2b1f344683e5184c5eaf427) Importer(815301076,1909f56bfc062723c751e8b465ee728b)
Start importing Assets/flashlight 1.mb using Guid(489780f6e2b1f344683e5184c5eaf427) Importer(815301076,1909f56bfc062723c751e8b465ee728b)  -> (artifact id: '396723d4d0628003a5c5ea20021ad7b4') in 0.756492 seconds 
  Import took 0.758809 seconds .

========================================================================
Received Import Request.
  Time since last request: 0.000376 seconds.
  path: Assets/clothes rack.mb
  artifactKey: Guid(492c7482d8723344baba9fc3018cc1f6) Importer(815301076,1909f56bfc062723c751e8b465ee728b)
Start importing Assets/clothes rack.mb using Guid(492c7482d8723344baba9fc3018cc1f6) Importer(815301076,1909f56bfc062723c751e8b465ee728b)  -> (artifact id: '20ab42c5805e73c76329bb6c860a03b0') in 0.058322 seconds 
  Import took 0.060550 seconds .

========================================================================
Received Import Request.
  Time since last request: 0.000246 seconds.
  path: Assets/flashlight.mb
  artifactKey: Guid(1a3025a82e336df49acd20ded65b35d9) Importer(815301076,1909f56bfc062723c751e8b465ee728b)
Start importing Assets/flashlight.mb using Guid(1a3025a82e336df49acd20ded65b35d9) Importer(815301076,1909f56bfc062723c751e8b465ee728b)  -> (artifact id: '2b3dc163ffdc9337eaa44092b74d1695') in 0.032056 seconds 
  Import took 0.034170 seconds .

========================================================================
Received Import Request.
  Time since last request: 0.000217 seconds.
  path: Assets/clothescounter.mb
  artifactKey: Guid(e1a495f94bad27b49bfa4abb6b7293f1) Importer(815301076,1909f56bfc062723c751e8b465ee728b)
Start importing Assets/clothescounter.mb using Guid(e1a495f94bad27b49bfa4abb6b7293f1) Importer(815301076,1909f56bfc062723c751e8b465ee728b)  -> (artifact id: '09594932d8fac868211fa5a92a502460') in 0.082508 seconds 
  Import took 0.084971 seconds .

========================================================================
Received Import Request.
  Time since last request: 0.000208 seconds.
  path: Assets/keyitem.fbx
  artifactKey: Guid(de1edd5e80ff8a8449e3c693b8e8cd04) Importer(815301076,1909f56bfc062723c751e8b465ee728b)
Start importing Assets/keyitem.fbx using Guid(de1edd5e80ff8a8449e3c693b8e8cd04) Importer(815301076,1909f56bfc062723c751e8b465ee728b)  -> (artifact id: 'af7ab12544dcbfd7c7c2dc28d1fdd43f') in 0.083106 seconds 
  Import took 0.085298 seconds .

========================================================================
Received Import Request.
  Time since last request: 0.000218 seconds.
  path: Assets/shirt rack23.mb
  artifactKey: Guid(c5083cf6e162e534c94a739c3c946114) Importer(815301076,1909f56bfc062723c751e8b465ee728b)
Start importing Assets/shirt rack23.mb using Guid(c5083cf6e162e534c94a739c3c946114) Importer(815301076,1909f56bfc062723c751e8b465ee728b)  -> (artifact id: '715f1f454a9c4054cbbe19539ba8a2f6') in 0.075867 seconds 
  Import took 0.078369 seconds .

========================================================================
Received Import Request.
  Time since last request: 0.000164 seconds.
  path: Assets/badge copy.jpg
  artifactKey: Guid(cf2f3075ee4556741949b29fc85405e2) Importer(815301076,1909f56bfc062723c751e8b465ee728b)
Start importing Assets/badge copy.jpg using Guid(cf2f3075ee4556741949b29fc85405e2) Importer(815301076,1909f56bfc062723c751e8b465ee728b)  -> (artifact id: '71150de0e7252cdd135d5bbcdde56599') in 0.019550 seconds 
  Import took 0.021708 seconds .

========================================================================
Received Import Request.
  Time since last request: 0.000151 seconds.
  path: Assets/hatdisplay2mb.mb
  artifactKey: Guid(c59b60f064f3c6b42bcf9457d0b1101e) Importer(815301076,1909f56bfc062723c751e8b465ee728b)
Start importing Assets/hatdisplay2mb.mb using Guid(c59b60f064f3c6b42bcf9457d0b1101e) Importer(815301076,1909f56bfc062723c751e8b465ee728b)  -> (artifact id: 'ce5dbddd577437595910bf7200461c75') in 0.119301 seconds 
  Import took 0.122260 seconds .

========================================================================
Received Import Request.
  Time since last request: 0.000242 seconds.
  path: Assets/clothescounter2.mb
  artifactKey: Guid(4ff587b2d9eca0b4aa6c5811bb5aacc6) Importer(815301076,1909f56bfc062723c751e8b465ee728b)
Start importing Assets/clothescounter2.mb using Guid(4ff587b2d9eca0b4aa6c5811bb5aacc6) Importer(815301076,1909f56bfc062723c751e8b465ee728b)  -> (artifact id: '7ac453bb7c283d59a8325b477355d698') in 0.081495 seconds 
  Import took 0.084202 seconds .

========================================================================
Received Import Request.
  Time since last request: 0.000212 seconds.
  path: Assets/shirt rack2.mb
  artifactKey: Guid(02e834f7c9c607844bcd03da03b8fc77) Importer(815301076,1909f56bfc062723c751e8b465ee728b)
Start importing Assets/shirt rack2.mb using Guid(02e834f7c9c607844bcd03da03b8fc77) Importer(815301076,1909f56bfc062723c751e8b465ee728b)  -> (artifact id: 'ecc491d9981b50f99e25b1169b8cd885') in 0.066972 seconds 
  Import took 0.069210 seconds .

========================================================================
Received Import Request.
  Time since last request: 0.000228 seconds.
  path: Assets/New Material.mat
  artifactKey: Guid(20d964eee2110e146ac1f1c1c5dba1d0) Importer(815301076,1909f56bfc062723c751e8b465ee728b)
Start importing Assets/New Material.mat using Guid(20d964eee2110e146ac1f1c1c5dba1d0) Importer(815301076,1909f56bfc062723c751e8b465ee728b)  -> (artifact id: '53593e1562fde079845bb3fd4e243ff9') in 0.308215 seconds 
  Import took 0.310212 seconds .

========================================================================
Received Import Request.
  Time since last request: 0.000223 seconds.
  path: Assets/wall.jpg
  artifactKey: Guid(fd54f996731ffff44932eb10822f55fe) Importer(815301076,1909f56bfc062723c751e8b465ee728b)
Start importing Assets/wall.jpg using Guid(fd54f996731ffff44932eb10822f55fe) Importer(815301076,1909f56bfc062723c751e8b465ee728b)  -> (artifact id: 'fa866d184ccb4668a982e31cf2f20af3') in 0.010002 seconds 
  Import took 0.012122 seconds .

========================================================================
Received Import Request.
  Time since last request: 0.000261 seconds.
  path: Assets/hatdisplay3mb.mb
  artifactKey: Guid(fd679d49541ead14d908601372b59ed5) Importer(815301076,1909f56bfc062723c751e8b465ee728b)
Start importing Assets/hatdisplay3mb.mb using Guid(fd679d49541ead14d908601372b59ed5) Importer(815301076,1909f56bfc062723c751e8b465ee728b)  -> (artifact id: '5e648219f07229bd0133f2cdd63436ae') in 0.125886 seconds 
  Import took 0.129243 seconds .

========================================================================
Received Import Request.
  Time since last request: 0.000243 seconds.
  path: Assets/floor.jpg
  artifactKey: Guid(f66c9f9373adc5b418b874790ffbb8db) Importer(815301076,1909f56bfc062723c751e8b465ee728b)
Start importing Assets/floor.jpg using Guid(f66c9f9373adc5b418b874790ffbb8db) Importer(815301076,1909f56bfc062723c751e8b465ee728b)  -> (artifact id: '24f1298172024264f3d815ff4c744baa') in 0.009484 seconds 
  Import took 0.011619 seconds .

========================================================================
Received Import Request.
  Time since last request: 0.000229 seconds.
  path: Assets/Chair.fbx
  artifactKey: Guid(8cd606b6a24f28745b3af4225b1f2f0d) Importer(815301076,1909f56bfc062723c751e8b465ee728b)
Start importing Assets/Chair.fbx using Guid(8cd606b6a24f28745b3af4225b1f2f0d) Importer(815301076,1909f56bfc062723c751e8b465ee728b)  -> (artifact id: 'c720c8e18d6c76fcc2b93aa6608b83d7') in 0.030260 seconds 
  Import took 0.032476 seconds .

========================================================================
Received Import Request.
  Time since last request: 0.000213 seconds.
  path: Assets/hatrack.mb
  artifactKey: Guid(e7b5b803113796f4ca3af8741ab691d7) Importer(815301076,1909f56bfc062723c751e8b465ee728b)
Start importing Assets/hatrack.mb using Guid(e7b5b803113796f4ca3af8741ab691d7) Importer(815301076,1909f56bfc062723c751e8b465ee728b)  -> (artifact id: 'fda9d14022af0c4e161e2d99eee39617') in 0.119918 seconds 
  Import took 0.122888 seconds .

========================================================================
Received Prepare
Registering precompiled user dll's ...
Registered in 0.002069 seconds.
Begin MonoManager ReloadAssembly
Native extension for LinuxStandalone target not found
Native extension for WindowsStandalone target not found
Refreshing native plugins compatible for Editor in 0.31 ms, found 2 plugins.
Preloading 0 native plugins for Editor in 0.00 ms.
Mono: successfully reloaded assembly
- Completed reload, in  0.908 seconds
Domain Reload Profiling:
	ReloadAssembly (908ms)
		BeginReloadAssembly (122ms)
			ExecutionOrderSort (0ms)
			DisableScriptedObjects (4ms)
			BackupInstance (0ms)
			ReleaseScriptingObjects (0ms)
			CreateAndSetChildDomain (33ms)
		EndReloadAssembly (729ms)
			LoadAssemblies (101ms)
			RebuildTransferFunctionScriptingTraits (0ms)
			SetupTypeCache (265ms)
			ReleaseScriptCaches (1ms)
			RebuildScriptCaches (35ms)
			SetupLoadedEditorAssemblies (258ms)
				LogAssemblyErrors (0ms)
				InitializePlatformSupportModulesInManaged (6ms)
				SetLoadedEditorAssemblies (0ms)
				RefreshPlugins (0ms)
				BeforeProcessingInitializeOnLoad (62ms)
				ProcessInitializeOnLoadAttributes (183ms)
				ProcessInitializeOnLoadMethodAttributes (3ms)
				AfterProcessingInitializeOnLoad (3ms)
				EditorAssembliesLoaded (0ms)
			ExecutionOrderSort2 (0ms)
			AwakeInstancesAfterBackupRestoration (7ms)
Platform modules already initialized, skipping
Refreshing native plugins compatible for Editor in 0.30 ms, found 2 plugins.
Preloading 0 native plugins for Editor in 0.00 ms.
Unloading 1393 Unused Serialized files (Serialized files now loaded: 0)
System memory in use before: 69.2 MB.
System memory in use after: 69.3 MB.

Unloading 11 unused Assets to reduce memory usage. Loaded Objects now: 1881.
Total: 2.836900 ms (FindLiveObjects: 0.136000 ms CreateObjectMapping: 0.038900 ms MarkObjects: 2.646600 ms  DeleteObjects: 0.014400 ms)

AssetImportParameters requested are different than current active one (requested -> active):
  custom:framework-win-MediaFoundation: 216162199b28c13a410421893ffa2e32 -> 
  custom:video-decoder-ogg-theora: a1e56fd34408186e4bbccfd4996cb3dc -> 
  custom:container-muxer-webm: aa71ff27fc2769a1b78a27578f13a17b -> 
  custom:container-demuxer-webm: 4f35f7cbe854078d1ac9338744f61a02 -> 
  custom:container-demuxer-ogg: 62fdf1f143b41e24485cea50d1cbac27 -> 
  custom:video-encoder-webm-vp8: eb34c28f22e8b96e1ab97ce403110664 -> 
  custom:video-decoder-webm-vp8: 9c59270c3fd7afecdb556c50c9e8de78 -> 
  custom:audio-decoder-ogg-vorbis: bf7c407c2cedff20999df2af8eb42d56 -> 
  custom:audio-encoder-webm-vorbis: bf7c407c2cedff20999df2af8eb42d56 -> 
AssetImportWorkerClient::OnTransportError - code=2 error=End of file
