Using pre-set license
Built from '2020.3/staging' branch; Version is '2020.3.19f1 (68f137dc9bbe) revision 6877495'; Using compiler version '192528614'; Build Type 'Release'
OS: 'Windows 10 Home; OS build 19043.1348; Version 2009; 64bit' Language: 'en' Physical Memory: 40876 MB
BatchMode: 1, IsHumanControllingUs: 0, StartBugReporterOnCrash: 0, Is64bit: 1, IsPro: 0

COMMAND LINE ARGUMENTS:
E:\Unity\2020.3.19f1\Editor\Unity.exe
-adb2
-batchMode
-noUpm
-name
AssetImportWorker0
-projectPath
D:/OMG Games/github/Assets/Kevin Level
-logFile
Logs/AssetImportWorker0.log
-srvPort
55118
Successfully changed project path to: D:/OMG Games/github/Assets/Kevin Level
D:/OMG Games/github/Assets/Kevin Level
Using Asset Import Pipeline V2.
Refreshing native plugins compatible for Editor in 26.08 ms, found 2 plugins.
Preloading 0 native plugins for Editor in 0.00 ms.
Initialize engine version: 2020.3.19f1 (68f137dc9bbe)
[Subsystems] Discovering subsystems at path E:/Unity/2020.3.19f1/Editor/Data/Resources/UnitySubsystems
[Subsystems] Discovering subsystems at path D:/OMG Games/github/Assets/Kevin Level/Assets
GfxDevice: creating device client; threaded=0
Direct3D:
    Version:  Direct3D 11.0 [level 11.1]
    Renderer: NVIDIA GeForce GTX 1660 SUPER (ID=0x21c4)
    Vendor:   
    VRAM:     5991 MB
    Driver:   30.0.14.9613
Initialize mono
Mono path[0] = 'E:/Unity/2020.3.19f1/Editor/Data/Managed'
Mono path[1] = 'E:/Unity/2020.3.19f1/Editor/Data/MonoBleedingEdge/lib/mono/unityjit'
Mono config path = 'E:/Unity/2020.3.19f1/Editor/Data/MonoBleedingEdge/etc'
Using monoOptions --debugger-agent=transport=dt_socket,embedding=1,server=y,suspend=n,address=127.0.0.1:56684
Begin MonoManager ReloadAssembly
Registering precompiled unity dll's ...
Register platform support module: E:/Unity/2020.3.19f1/Editor/Data/PlaybackEngines/WindowsStandaloneSupport/UnityEditor.WindowsStandalone.Extensions.dll
Register platform support module: E:/Unity/2020.3.19f1/Editor/Data/PlaybackEngines/LinuxStandaloneSupport/UnityEditor.LinuxStandalone.Extensions.dll
Registered in 0.001738 seconds.
Native extension for LinuxStandalone target not found
Native extension for WindowsStandalone target not found
Refreshing native plugins compatible for Editor in 27.26 ms, found 2 plugins.
Preloading 0 native plugins for Editor in 0.00 ms.
Mono: successfully reloaded assembly
- Completed reload, in  2.390 seconds
Domain Reload Profiling:
	ReloadAssembly (2391ms)
		BeginReloadAssembly (66ms)
			ExecutionOrderSort (0ms)
			DisableScriptedObjects (0ms)
			BackupInstance (0ms)
			ReleaseScriptingObjects (0ms)
			CreateAndSetChildDomain (1ms)
		EndReloadAssembly (391ms)
			LoadAssemblies (66ms)
			RebuildTransferFunctionScriptingTraits (0ms)
			SetupTypeCache (147ms)
			ReleaseScriptCaches (0ms)
			RebuildScriptCaches (29ms)
			SetupLoadedEditorAssemblies (149ms)
				LogAssemblyErrors (0ms)
				InitializePlatformSupportModulesInManaged (5ms)
				SetLoadedEditorAssemblies (0ms)
				RefreshPlugins (27ms)
				BeforeProcessingInitializeOnLoad (16ms)
				ProcessInitializeOnLoadAttributes (74ms)
				ProcessInitializeOnLoadMethodAttributes (26ms)
				AfterProcessingInitializeOnLoad (0ms)
				EditorAssembliesLoaded (0ms)
			ExecutionOrderSort2 (0ms)
			AwakeInstancesAfterBackupRestoration (0ms)
Platform modules already initialized, skipping
Registering precompiled user dll's ...
Registered in 0.002076 seconds.
Begin MonoManager ReloadAssembly
Native extension for LinuxStandalone target not found
Native extension for WindowsStandalone target not found
Refreshing native plugins compatible for Editor in 0.30 ms, found 2 plugins.
Preloading 0 native plugins for Editor in 0.00 ms.
Mono: successfully reloaded assembly
- Completed reload, in  0.936 seconds
Domain Reload Profiling:
	ReloadAssembly (937ms)
		BeginReloadAssembly (151ms)
			ExecutionOrderSort (0ms)
			DisableScriptedObjects (4ms)
			BackupInstance (0ms)
			ReleaseScriptingObjects (0ms)
			CreateAndSetChildDomain (18ms)
		EndReloadAssembly (733ms)
			LoadAssemblies (95ms)
			RebuildTransferFunctionScriptingTraits (0ms)
			SetupTypeCache (260ms)
			ReleaseScriptCaches (0ms)
			RebuildScriptCaches (38ms)
			SetupLoadedEditorAssemblies (272ms)
				LogAssemblyErrors (0ms)
				InitializePlatformSupportModulesInManaged (6ms)
				SetLoadedEditorAssemblies (0ms)
				RefreshPlugins (0ms)
				BeforeProcessingInitializeOnLoad (66ms)
				ProcessInitializeOnLoadAttributes (193ms)
				ProcessInitializeOnLoadMethodAttributes (4ms)
				AfterProcessingInitializeOnLoad (3ms)
				EditorAssembliesLoaded (0ms)
			ExecutionOrderSort2 (0ms)
			AwakeInstancesAfterBackupRestoration (6ms)
Platform modules already initialized, skipping
========================================================================
Worker process is ready to serve import requests
Launched and connected shader compiler UnityShaderCompiler.exe after 0.07 seconds
Refreshing native plugins compatible for Editor in 0.28 ms, found 2 plugins.
Preloading 0 native plugins for Editor in 0.00 ms.
Unloading 1402 Unused Serialized files (Serialized files now loaded: 0)
System memory in use before: 65.0 MB.
System memory in use after: 65.0 MB.

Unloading 16 unused Assets to reduce memory usage. Loaded Objects now: 1837.
Total: 2.866400 ms (FindLiveObjects: 0.137700 ms CreateObjectMapping: 0.039900 ms MarkObjects: 2.614600 ms  DeleteObjects: 0.073000 ms)

AssetImportParameters requested are different than current active one (requested -> active):
  custom:framework-win-MediaFoundation: 216162199b28c13a410421893ffa2e32 -> 
  custom:video-decoder-ogg-theora: a1e56fd34408186e4bbccfd4996cb3dc -> 
  custom:container-muxer-webm: aa71ff27fc2769a1b78a27578f13a17b -> 
  custom:container-demuxer-webm: 4f35f7cbe854078d1ac9338744f61a02 -> 
  custom:container-demuxer-ogg: 62fdf1f143b41e24485cea50d1cbac27 -> 
  custom:video-encoder-webm-vp8: eb34c28f22e8b96e1ab97ce403110664 -> 
  custom:video-decoder-webm-vp8: 9c59270c3fd7afecdb556c50c9e8de78 -> 
  custom:audio-decoder-ogg-vorbis: bf7c407c2cedff20999df2af8eb42d56 -> 
  custom:audio-encoder-webm-vorbis: bf7c407c2cedff20999df2af8eb42d56 -> 
========================================================================
Received Import Request.
  path: Assets/Materials/Materials/Chair.fbx
  artifactKey: Guid(49528b83792e1ae488a3306bf901597f) Importer(815301076,1909f56bfc062723c751e8b465ee728b)
Start importing Assets/Materials/Materials/Chair.fbx using Guid(49528b83792e1ae488a3306bf901597f) Importer(815301076,1909f56bfc062723c751e8b465ee728b)  -> (artifact id: 'ef3b7da0964b9887ab4943e35ace46b3') in 0.652745 seconds 
  Import took 0.655061 seconds .

========================================================================
Received Import Request.
  Time since last request: 0.000214 seconds.
  path: Assets/Materials/Materials/wall.jpg
  artifactKey: Guid(aa0356815e50fb84ab5b903233cc42bb) Importer(815301076,1909f56bfc062723c751e8b465ee728b)
Start importing Assets/Materials/Materials/wall.jpg using Guid(aa0356815e50fb84ab5b903233cc42bb) Importer(815301076,1909f56bfc062723c751e8b465ee728b)  -> (artifact id: '9991bacb6601618990a0130f0b4faa93') in 0.023573 seconds 
  Import took 0.025686 seconds .

========================================================================
Received Import Request.
  Time since last request: 0.000257 seconds.
  path: Assets/Materials/Materials/mens sign.mb
  artifactKey: Guid(3ae1c1bf66a09bf4f8b636e666e44b02) Importer(815301076,1909f56bfc062723c751e8b465ee728b)
Start importing Assets/Materials/Materials/mens sign.mb using Guid(3ae1c1bf66a09bf4f8b636e666e44b02) Importer(815301076,1909f56bfc062723c751e8b465ee728b)  -> (artifact id: '1da1415e34d8d9d659d793b04d61f842') in 0.031350 seconds 
  Import took 0.033596 seconds .

========================================================================
Received Import Request.
  Time since last request: 0.000221 seconds.
  path: Assets/Materials/Materials/floor.jpg
  artifactKey: Guid(be7dd504280b1574697ca4e872aaba42) Importer(815301076,1909f56bfc062723c751e8b465ee728b)
Start importing Assets/Materials/Materials/floor.jpg using Guid(be7dd504280b1574697ca4e872aaba42) Importer(815301076,1909f56bfc062723c751e8b465ee728b)  -> (artifact id: '32ff5f78f323a7a92d61964c2e0ea395') in 0.009374 seconds 
  Import took 0.011441 seconds .

========================================================================
Received Import Request.
  Time since last request: 0.000222 seconds.
  path: Assets/Materials/Materials/New Material.mat
  artifactKey: Guid(1464db005c8ddd74696e2916f4224f5b) Importer(815301076,1909f56bfc062723c751e8b465ee728b)
Start importing Assets/Materials/Materials/New Material.mat using Guid(1464db005c8ddd74696e2916f4224f5b) Importer(815301076,1909f56bfc062723c751e8b465ee728b)  -> (artifact id: 'ee4937b55a35b32f7a9ef9f5870d77a4') in 0.233711 seconds 
  Import took 0.235846 seconds .

========================================================================
Received Import Request.
  Time since last request: 0.000256 seconds.
  path: Assets/Materials/Materials/flashlight.mb
  artifactKey: Guid(ad8f0f82c8ecb9a46a68532ddb01dbb6) Importer(815301076,1909f56bfc062723c751e8b465ee728b)
Start importing Assets/Materials/Materials/flashlight.mb using Guid(ad8f0f82c8ecb9a46a68532ddb01dbb6) Importer(815301076,1909f56bfc062723c751e8b465ee728b)  -> (artifact id: '116cae02f7496e1439f11d9256de04aa') in 0.034939 seconds 
  Import took 0.037032 seconds .

========================================================================
Received Import Request.
  Time since last request: 0.000228 seconds.
  path: Assets/Materials/Materials/badge copy.jpg
  artifactKey: Guid(5db72d0e82251a148a6642f69502f35e) Importer(815301076,1909f56bfc062723c751e8b465ee728b)
Start importing Assets/Materials/Materials/badge copy.jpg using Guid(5db72d0e82251a148a6642f69502f35e) Importer(815301076,1909f56bfc062723c751e8b465ee728b)  -> (artifact id: '40a2d5ffc43e1f47f108dc03ae23b589') in 0.009691 seconds 
  Import took 0.011723 seconds .

========================================================================
Received Import Request.
  Time since last request: 0.000224 seconds.
  path: Assets/Materials/Materials/flashlight 1.mb
  artifactKey: Guid(5e76a4153e1d06e48bf05b430aab53bc) Importer(815301076,1909f56bfc062723c751e8b465ee728b)
Start importing Assets/Materials/Materials/flashlight 1.mb using Guid(5e76a4153e1d06e48bf05b430aab53bc) Importer(815301076,1909f56bfc062723c751e8b465ee728b)  -> (artifact id: '71f0190bdc957c1ca0419f4785331af4') in 0.029958 seconds 
  Import took 0.032385 seconds .

========================================================================
Received Import Request.
  Time since last request: 0.000242 seconds.
  path: Assets/Materials/Materials/light bulbs.mb
  artifactKey: Guid(197b62070a3671149a265072324f56b6) Importer(815301076,1909f56bfc062723c751e8b465ee728b)
Start importing Assets/Materials/Materials/light bulbs.mb using Guid(197b62070a3671149a265072324f56b6) Importer(815301076,1909f56bfc062723c751e8b465ee728b)  -> (artifact id: '64def125937c3d3014a216c273a1e485') in 0.030884 seconds 
  Import took 0.032983 seconds .

========================================================================
Received Import Request.
  Time since last request: 0.000214 seconds.
  path: Assets/Materials/Materials/shirt rack23.mb
  artifactKey: Guid(9986c3700d1017145a2e611377e9583e) Importer(815301076,1909f56bfc062723c751e8b465ee728b)
Start importing Assets/Materials/Materials/shirt rack23.mb using Guid(9986c3700d1017145a2e611377e9583e) Importer(815301076,1909f56bfc062723c751e8b465ee728b)  -> (artifact id: '7bf7ed80f804aebcfae0d4195655ce5a') in 0.064824 seconds 
  Import took 0.067786 seconds .

========================================================================
Received Import Request.
  Time since last request: 0.000272 seconds.
  path: Assets/Materials/Materials/clothescounter.mb
  artifactKey: Guid(b4b3fc822f81b7b49b0da571b20969b9) Importer(815301076,1909f56bfc062723c751e8b465ee728b)
Start importing Assets/Materials/Materials/clothescounter.mb using Guid(b4b3fc822f81b7b49b0da571b20969b9) Importer(815301076,1909f56bfc062723c751e8b465ee728b)  -> (artifact id: 'a447d3bfb57fb739c222b375348df4bd') in 0.090706 seconds 
  Import took 0.093568 seconds .

========================================================================
Received Import Request.
  Time since last request: 0.000219 seconds.
  path: Assets/Materials/Materials/door.mb
  artifactKey: Guid(86201d5b7c966b24d89c24f31fea3746) Importer(815301076,1909f56bfc062723c751e8b465ee728b)
Start importing Assets/Materials/Materials/door.mb using Guid(86201d5b7c966b24d89c24f31fea3746) Importer(815301076,1909f56bfc062723c751e8b465ee728b)  -> (artifact id: '21774ef9ddc4190c9e8a5dd0f04e43d3') in 0.046198 seconds 
  Import took 0.048505 seconds .

========================================================================
Received Import Request.
  Time since last request: 0.000233 seconds.
  path: Assets/Materials/Materials/Enemy.prefab
  artifactKey: Guid(3625e93d0fa56a7478ffce17388302cf) Importer(815301076,1909f56bfc062723c751e8b465ee728b)
Start importing Assets/Materials/Materials/Enemy.prefab using Guid(3625e93d0fa56a7478ffce17388302cf) Importer(815301076,1909f56bfc062723c751e8b465ee728b)  -> (artifact id: '140efe54395f1bcbbe1663003e985785') in 0.016302 seconds 
  Import took 0.018552 seconds .

========================================================================
Received Import Request.
  Time since last request: 0.000226 seconds.
  path: Assets/Materials/Materials/shirt rack2.mb
  artifactKey: Guid(d32e8834b1331464aa216188307e9132) Importer(815301076,1909f56bfc062723c751e8b465ee728b)
Start importing Assets/Materials/Materials/shirt rack2.mb using Guid(d32e8834b1331464aa216188307e9132) Importer(815301076,1909f56bfc062723c751e8b465ee728b)  -> (artifact id: '268c10a025c62259c252d3370b6f4939') in 0.067339 seconds 
  Import took 0.069835 seconds .

========================================================================
Received Import Request.
  Time since last request: 0.000232 seconds.
  path: Assets/Materials/Materials/womens sign.mb
  artifactKey: Guid(c2f6207551418484caca88821cc61731) Importer(815301076,1909f56bfc062723c751e8b465ee728b)
Start importing Assets/Materials/Materials/womens sign.mb using Guid(c2f6207551418484caca88821cc61731) Importer(815301076,1909f56bfc062723c751e8b465ee728b)  -> (artifact id: '9f1c837f17f055ff0276eed05f1db950') in 0.028759 seconds 
  Import took 0.030804 seconds .

========================================================================
Received Import Request.
  Time since last request: 0.000229 seconds.
  path: Assets/Materials/Materials/REPULSIVE - Forgotten.mp3
  artifactKey: Guid(9064501e39888ac4f920ef650a2a6f23) Importer(815301076,1909f56bfc062723c751e8b465ee728b)
Start importing Assets/Materials/Materials/REPULSIVE - Forgotten.mp3 using Guid(9064501e39888ac4f920ef650a2a6f23) Importer(815301076,1909f56bfc062723c751e8b465ee728b)  -> (artifact id: 'd2615bbf3dcf6e77e7841f235f350218') in 0.019586 seconds 
  Import took 0.021696 seconds .

========================================================================
Received Import Request.
  Time since last request: 0.000222 seconds.
  path: Assets/Materials/Materials/skybox.mat
  artifactKey: Guid(95a87882bc98d524d902deacb55faef0) Importer(815301076,1909f56bfc062723c751e8b465ee728b)
Start importing Assets/Materials/Materials/skybox.mat using Guid(95a87882bc98d524d902deacb55faef0) Importer(815301076,1909f56bfc062723c751e8b465ee728b)  -> (artifact id: 'ec53de403f455bd9cbf135de24a3b246') in 0.011622 seconds 
  Import took 0.014231 seconds .

========================================================================
Received Import Request.
  Time since last request: 0.000246 seconds.
  path: Assets/Materials/Materials/clothescounter2.mb
  artifactKey: Guid(a90efff689d2bc34b834c0e4b02bd8ce) Importer(815301076,1909f56bfc062723c751e8b465ee728b)
Start importing Assets/Materials/Materials/clothescounter2.mb using Guid(a90efff689d2bc34b834c0e4b02bd8ce) Importer(815301076,1909f56bfc062723c751e8b465ee728b)  -> (artifact id: 'b1478622e6fa5a3e2a2228955f163745') in 0.087828 seconds 
  Import took 0.090670 seconds .

========================================================================
Received Import Request.
  Time since last request: 0.000246 seconds.
  path: Assets/Materials/Materials/Light.mb
  artifactKey: Guid(8f689c02e2bc0894282e2a6f4d6969cd) Importer(815301076,1909f56bfc062723c751e8b465ee728b)
Start importing Assets/Materials/Materials/Light.mb using Guid(8f689c02e2bc0894282e2a6f4d6969cd) Importer(815301076,1909f56bfc062723c751e8b465ee728b)  -> (artifact id: '547074b2b304bfacb246103a47b67e4d') in 0.028999 seconds 
  Import took 0.031148 seconds .

========================================================================
Received Import Request.
  Time since last request: 0.000236 seconds.
  path: Assets/Materials/Materials/hatdisplay3mb.mb
  artifactKey: Guid(b69fc8cf193623846aeaea7273d928e6) Importer(815301076,1909f56bfc062723c751e8b465ee728b)
Start importing Assets/Materials/Materials/hatdisplay3mb.mb using Guid(b69fc8cf193623846aeaea7273d928e6) Importer(815301076,1909f56bfc062723c751e8b465ee728b)  -> (artifact id: 'bf644c6d650bbd25482cc45a8ba2d4df') in 0.153818 seconds 
  Import took 0.157032 seconds .

========================================================================
Received Import Request.
  Time since last request: 0.000270 seconds.
  path: Assets/Materials/Materials/clothes rack.mb
  artifactKey: Guid(719d01f9cd738e84584802cd21e4201d) Importer(815301076,1909f56bfc062723c751e8b465ee728b)
Start importing Assets/Materials/Materials/clothes rack.mb using Guid(719d01f9cd738e84584802cd21e4201d) Importer(815301076,1909f56bfc062723c751e8b465ee728b)  -> (artifact id: '3a07ff221586ff7e9c666f8efea89247') in 0.058881 seconds 
  Import took 0.061318 seconds .

========================================================================
Received Import Request.
  Time since last request: 0.000274 seconds.
  path: Assets/Materials/Materials/hatrack.mb
  artifactKey: Guid(a4e2da775e35ab6418acf140a0ff7f79) Importer(815301076,1909f56bfc062723c751e8b465ee728b)
Start importing Assets/Materials/Materials/hatrack.mb using Guid(a4e2da775e35ab6418acf140a0ff7f79) Importer(815301076,1909f56bfc062723c751e8b465ee728b)  -> (artifact id: '70d816f2bf807a852b2649fb54d0f618') in 0.122174 seconds 
  Import took 0.125244 seconds .

========================================================================
Received Import Request.
  Time since last request: 0.000291 seconds.
  path: Assets/Materials/Materials/keyitem.fbx
  artifactKey: Guid(7370a165d133bcd43b4148bc0b3c2b1a) Importer(815301076,1909f56bfc062723c751e8b465ee728b)
Start importing Assets/Materials/Materials/keyitem.fbx using Guid(7370a165d133bcd43b4148bc0b3c2b1a) Importer(815301076,1909f56bfc062723c751e8b465ee728b)  -> (artifact id: 'e21c2162e4434ae171fc0d53eb208a65') in 0.022483 seconds 
  Import took 0.024677 seconds .

========================================================================
Received Import Request.
  Time since last request: 0.000208 seconds.
  path: Assets/Materials/Materials/hatdisplay2mb.mb
  artifactKey: Guid(519b312d35fd08243bc59942f6bda2c2) Importer(815301076,1909f56bfc062723c751e8b465ee728b)
Start importing Assets/Materials/Materials/hatdisplay2mb.mb using Guid(519b312d35fd08243bc59942f6bda2c2) Importer(815301076,1909f56bfc062723c751e8b465ee728b)  -> (artifact id: '8d0720007bf2a513ac381a67e8c9b7ab') in 0.153016 seconds 
  Import took 0.156218 seconds .

AssetImportWorkerClient::OnTransportError - code=2 error=End of file
